<?xml version="1.0" encoding="UTF-8"?>
<!-- Generated by org.testng.reporters.JUnitReportReporter -->
<testsuite skipped="0" hostname="DESKTOP-4FUNGAK" name="MavenProgram.AppiumTest" tests="2" failures="0" timestamp="2020-04-14T17:19:13 IST" time="0.000" errors="0">
  <testcase name="mobileTesting" time="0.000" classname="MavenProgram.AppiumTest"/>
  <system-out/>
  <testcase name="apTest" time="0.000" classname="MavenProgram.AppiumTest"/>
  <system-out/>
</testsuite> <!-- MavenProgram.AppiumTest -->
