<?xml version="1.0" encoding="UTF-8"?>
<!-- Generated by org.testng.reporters.JUnitReportReporter -->
<testsuite skipped="0" hostname="DESKTOP-4FUNGAK" name="MavenProgram.SeleniumTest" tests="2" failures="0" timestamp="2020-04-14T17:18:56 IST" time="0.015" errors="0">
  <testcase name="SeleniumTest" time="0.015" classname="MavenProgram.SeleniumTest"/>
  <system-out/>
  <testcase name="SeleniumTest2" time="0.000" classname="MavenProgram.SeleniumTest"/>
  <system-out/>
</testsuite> <!-- MavenProgram.SeleniumTest -->
